<?xml version="1.0" encoding="UTF-8"?>
<!-- Generated by org.testng.reporters.JUnitReportReporter -->
<testsuite skipped="0" hostname="FRT_DZAMORA" name="AKNXS.php.ecommerce.Checkout_LoggedUser" tests="1" failures="0" timestamp="30 jun 2020 18:45:54 GMT" time="16.922" errors="0">
  <testcase name="LoggedUser" time="16.922" classname="AKNXS.php.ecommerce.Checkout_LoggedUser"/>
</testsuite> <!-- AKNXS.php.ecommerce.Checkout_LoggedUser -->
